非终结语词在文法中无用

    Img
    Link


终端机在文法中未使用

    H2
    H3
    H4
    H5
    UL
    OL
    LATEX_INLINE
    LATEX_DISPLAY
    STRONG
    EM
    TABLE
    BLOCKQUOTE
    CODE
    CODE_BLOCK
    HR


语法

    0 $accept: Paragraph $end

    1 Paragraph: H1


终结语词，附有它们出现处的规则

    $end (0) 0
    error (256)
    H1 <nPtr> (258) 1
    H2 <nPtr> (259)
    H3 <nPtr> (260)
    H4 <nPtr> (261)
    H5 <nPtr> (262)
    UL <nPtr> (263)
    OL <nPtr> (264)
    LATEX_INLINE <nPtr> (265)
    LATEX_DISPLAY <nPtr> (266)
    STRONG <nPtr> (267)
    EM <nPtr> (268)
    TABLE <nPtr> (269)
    BLOCKQUOTE <nPtr> (270)
    CODE <nPtr> (271)
    CODE_BLOCK <nPtr> (272)
    HR <nPtr> (273)


非终结语词，附有它们出现处的规则

    $accept (19)
        on left: 0
    Paragraph <nPtr> (20)
        on left: 1
        on right: 0


状态 0

    0 $accept: . Paragraph $end

    H1  偏移，并进入状态 1

    Paragraph  转到状态 2


状态 1

    1 Paragraph: H1 .

    $default  使用规则 1 以归约 (Paragraph)


状态 2

    0 $accept: Paragraph . $end

    $end  偏移，并进入状态 3


状态 3

    0 $accept: Paragraph $end .

    $default  接受
